{"/mnt/c/Users/Nat Osei/desktop/projects/test-apis/controllers/appLinksController.js": {"path":"/mnt/c/Users/Nat Osei/desktop/projects/test-apis/controllers/appLinksController.js","statementMap":{"0":{"start":{"line":7,"column":4},"end":{"line":58,"column":5}},"1":{"start":{"line":8,"column":6},"end":{"line":8,"column":44}},"2":{"start":{"line":10,"column":34},"end":{"line":10,"column":42}},"3":{"start":{"line":11,"column":21},"end":{"line":11,"column":32}},"4":{"start":{"line":13,"column":6},"end":{"line":13,"column":33}},"5":{"start":{"line":14,"column":6},"end":{"line":14,"column":31}},"6":{"start":{"line":15,"column":6},"end":{"line":15,"column":33}},"7":{"start":{"line":16,"column":6},"end":{"line":16,"column":37}},"8":{"start":{"line":19,"column":6},"end":{"line":25,"column":7}},"9":{"start":{"line":20,"column":8},"end":{"line":24,"column":10}},"10":{"start":{"line":28,"column":22},"end":{"line":28,"column":60}},"11":{"start":{"line":29,"column":6},"end":{"line":35,"column":7}},"12":{"start":{"line":30,"column":8},"end":{"line":34,"column":10}},"13":{"start":{"line":37,"column":19},"end":{"line":37,"column":73}},"14":{"start":{"line":39,"column":6},"end":{"line":50,"column":9}},"15":{"start":{"line":52,"column":6},"end":{"line":52,"column":25}},"16":{"start":{"line":53,"column":6},"end":{"line":57,"column":8}},"17":{"start":{"line":63,"column":4},"end":{"line":88,"column":5}},"18":{"start":{"line":65,"column":19},"end":{"line":65,"column":50}},"19":{"start":{"line":67,"column":6},"end":{"line":73,"column":7}},"20":{"start":{"line":68,"column":8},"end":{"line":72,"column":11}},"21":{"start":{"line":75,"column":6},"end":{"line":80,"column":9}},"22":{"start":{"line":82,"column":6},"end":{"line":82,"column":27}},"23":{"start":{"line":83,"column":6},"end":{"line":87,"column":9}},"24":{"start":{"line":93,"column":4},"end":{"line":119,"column":5}},"25":{"start":{"line":95,"column":21},"end":{"line":95,"column":31}},"26":{"start":{"line":96,"column":19},"end":{"line":96,"column":53}},"27":{"start":{"line":98,"column":6},"end":{"line":104,"column":7}},"28":{"start":{"line":99,"column":8},"end":{"line":103,"column":11}},"29":{"start":{"line":106,"column":6},"end":{"line":111,"column":9}},"30":{"start":{"line":113,"column":6},"end":{"line":113,"column":27}},"31":{"start":{"line":114,"column":6},"end":{"line":118,"column":9}},"32":{"start":{"line":124,"column":4},"end":{"line":158,"column":5}},"33":{"start":{"line":125,"column":21},"end":{"line":125,"column":31}},"34":{"start":{"line":126,"column":21},"end":{"line":126,"column":32}},"35":{"start":{"line":127,"column":34},"end":{"line":127,"column":42}},"36":{"start":{"line":129,"column":19},"end":{"line":129,"column":53}},"37":{"start":{"line":130,"column":6},"end":{"line":136,"column":7}},"38":{"start":{"line":131,"column":8},"end":{"line":135,"column":11}},"39":{"start":{"line":138,"column":30},"end":{"line":138,"column":88}},"40":{"start":{"line":139,"column":6},"end":{"line":150,"column":9}},"41":{"start":{"line":152,"column":6},"end":{"line":152,"column":27}},"42":{"start":{"line":153,"column":6},"end":{"line":157,"column":9}},"43":{"start":{"line":163,"column":4},"end":{"line":188,"column":5}},"44":{"start":{"line":164,"column":21},"end":{"line":164,"column":31}},"45":{"start":{"line":166,"column":19},"end":{"line":166,"column":53}},"46":{"start":{"line":167,"column":6},"end":{"line":173,"column":7}},"47":{"start":{"line":168,"column":8},"end":{"line":172,"column":11}},"48":{"start":{"line":175,"column":6},"end":{"line":175,"column":40}},"49":{"start":{"line":176,"column":6},"end":{"line":180,"column":9}},"50":{"start":{"line":182,"column":6},"end":{"line":182,"column":27}},"51":{"start":{"line":183,"column":6},"end":{"line":187,"column":9}}},"fnMap":{"0":{"name":"(anonymous_0)","decl":{"start":{"line":6,"column":2},"end":{"line":6,"column":3}},"loc":{"start":{"line":6,"column":35},"end":{"line":59,"column":3}},"line":6},"1":{"name":"(anonymous_1)","decl":{"start":{"line":62,"column":2},"end":{"line":62,"column":3}},"loc":{"start":{"line":62,"column":40},"end":{"line":89,"column":3}},"line":62},"2":{"name":"(anonymous_2)","decl":{"start":{"line":92,"column":2},"end":{"line":92,"column":3}},"loc":{"start":{"line":92,"column":41},"end":{"line":120,"column":3}},"line":92},"3":{"name":"(anonymous_3)","decl":{"start":{"line":123,"column":2},"end":{"line":123,"column":3}},"loc":{"start":{"line":123,"column":40},"end":{"line":159,"column":3}},"line":123},"4":{"name":"(anonymous_4)","decl":{"start":{"line":162,"column":2},"end":{"line":162,"column":3}},"loc":{"start":{"line":162,"column":35},"end":{"line":189,"column":3}},"line":162}},"branchMap":{"0":{"loc":{"start":{"line":19,"column":6},"end":{"line":25,"column":7}},"type":"if","locations":[{"start":{"line":19,"column":6},"end":{"line":25,"column":7}},{"start":{},"end":{}}],"line":19},"1":{"loc":{"start":{"line":19,"column":10},"end":{"line":19,"column":32}},"type":"binary-expr","locations":[{"start":{"line":19,"column":10},"end":{"line":19,"column":15}},{"start":{"line":19,"column":19},"end":{"line":19,"column":23}},{"start":{"line":19,"column":27},"end":{"line":19,"column":32}}],"line":19},"2":{"loc":{"start":{"line":29,"column":6},"end":{"line":35,"column":7}},"type":"if","locations":[{"start":{"line":29,"column":6},"end":{"line":35,"column":7}},{"start":{},"end":{}}],"line":29},"3":{"loc":{"start":{"line":67,"column":6},"end":{"line":73,"column":7}},"type":"if","locations":[{"start":{"line":67,"column":6},"end":{"line":73,"column":7}},{"start":{},"end":{}}],"line":67},"4":{"loc":{"start":{"line":98,"column":6},"end":{"line":104,"column":7}},"type":"if","locations":[{"start":{"line":98,"column":6},"end":{"line":104,"column":7}},{"start":{},"end":{}}],"line":98},"5":{"loc":{"start":{"line":130,"column":6},"end":{"line":136,"column":7}},"type":"if","locations":[{"start":{"line":130,"column":6},"end":{"line":136,"column":7}},{"start":{},"end":{}}],"line":130},"6":{"loc":{"start":{"line":167,"column":6},"end":{"line":173,"column":7}},"type":"if","locations":[{"start":{"line":167,"column":6},"end":{"line":173,"column":7}},{"start":{},"end":{}}],"line":167}},"s":{"0":1,"1":1,"2":1,"3":1,"4":1,"5":1,"6":1,"7":1,"8":1,"9":0,"10":1,"11":1,"12":0,"13":1,"14":1,"15":0,"16":0,"17":0,"18":0,"19":0,"20":0,"21":0,"22":0,"23":0,"24":0,"25":0,"26":0,"27":0,"28":0,"29":0,"30":0,"31":0,"32":0,"33":0,"34":0,"35":0,"36":0,"37":0,"38":0,"39":0,"40":0,"41":0,"42":0,"43":0,"44":0,"45":0,"46":0,"47":0,"48":0,"49":0,"50":0,"51":0},"f":{"0":1,"1":0,"2":0,"3":0,"4":0},"b":{"0":[0,1],"1":[1,1,1],"2":[0,1],"3":[0,0],"4":[0,0],"5":[0,0],"6":[0,0]},"_coverageSchema":"1a1c01bbd47fc00a2c39e90264f33305004495a9","hash":"be29060d5b108eff38c67d50331400aabb806268"}
,"/mnt/c/Users/Nat Osei/desktop/projects/test-apis/controllers/userController.js": {"path":"/mnt/c/Users/Nat Osei/desktop/projects/test-apis/controllers/userController.js","statementMap":{"0":{"start":{"line":6,"column":0},"end":{"line":6,"column":16}},"1":{"start":{"line":12,"column":4},"end":{"line":83,"column":5}},"2":{"start":{"line":13,"column":6},"end":{"line":13,"column":46}},"3":{"start":{"line":15,"column":46},"end":{"line":15,"column":54}},"4":{"start":{"line":18,"column":6},"end":{"line":24,"column":7}},"5":{"start":{"line":19,"column":8},"end":{"line":23,"column":10}},"6":{"start":{"line":27,"column":6},"end":{"line":33,"column":7}},"7":{"start":{"line":28,"column":8},"end":{"line":32,"column":10}},"8":{"start":{"line":35,"column":6},"end":{"line":35,"column":79}},"9":{"start":{"line":38,"column":27},"end":{"line":38,"column":46}},"10":{"start":{"line":41,"column":25},"end":{"line":41,"column":64}},"11":{"start":{"line":42,"column":6},"end":{"line":47,"column":7}},"12":{"start":{"line":43,"column":8},"end":{"line":46,"column":11}},"13":{"start":{"line":49,"column":6},"end":{"line":49,"column":49}},"14":{"start":{"line":52,"column":19},"end":{"line":52,"column":43}},"15":{"start":{"line":53,"column":29},"end":{"line":53,"column":62}},"16":{"start":{"line":56,"column":21},"end":{"line":56,"column":77}},"17":{"start":{"line":58,"column":6},"end":{"line":58,"column":28}},"18":{"start":{"line":61,"column":23},"end":{"line":63,"column":8}},"19":{"start":{"line":65,"column":6},"end":{"line":76,"column":9}},"20":{"start":{"line":78,"column":6},"end":{"line":78,"column":55}},"21":{"start":{"line":79,"column":6},"end":{"line":82,"column":9}},"22":{"start":{"line":88,"column":32},"end":{"line":88,"column":40}},"23":{"start":{"line":90,"column":4},"end":{"line":144,"column":5}},"24":{"start":{"line":92,"column":6},"end":{"line":98,"column":7}},"25":{"start":{"line":93,"column":8},"end":{"line":97,"column":11}},"26":{"start":{"line":101,"column":27},"end":{"line":101,"column":46}},"27":{"start":{"line":104,"column":19},"end":{"line":104,"column":58}},"28":{"start":{"line":105,"column":6},"end":{"line":110,"column":7}},"29":{"start":{"line":106,"column":8},"end":{"line":109,"column":11}},"30":{"start":{"line":113,"column":28},"end":{"line":113,"column":73}},"31":{"start":{"line":114,"column":6},"end":{"line":119,"column":7}},"32":{"start":{"line":115,"column":8},"end":{"line":118,"column":11}},"33":{"start":{"line":122,"column":23},"end":{"line":124,"column":8}},"34":{"start":{"line":126,"column":6},"end":{"line":138,"column":9}},"35":{"start":{"line":140,"column":6},"end":{"line":143,"column":9}}},"fnMap":{"0":{"name":"(anonymous_0)","decl":{"start":{"line":11,"column":2},"end":{"line":11,"column":3}},"loc":{"start":{"line":11,"column":38},"end":{"line":84,"column":3}},"line":11},"1":{"name":"(anonymous_1)","decl":{"start":{"line":87,"column":2},"end":{"line":87,"column":3}},"loc":{"start":{"line":87,"column":35},"end":{"line":145,"column":3}},"line":87}},"branchMap":{"0":{"loc":{"start":{"line":18,"column":6},"end":{"line":24,"column":7}},"type":"if","locations":[{"start":{"line":18,"column":6},"end":{"line":24,"column":7}},{"start":{},"end":{}}],"line":18},"1":{"loc":{"start":{"line":18,"column":10},"end":{"line":18,"column":38}},"type":"binary-expr","locations":[{"start":{"line":18,"column":10},"end":{"line":18,"column":15}},{"start":{"line":18,"column":19},"end":{"line":18,"column":25}},{"start":{"line":18,"column":29},"end":{"line":18,"column":38}}],"line":18},"2":{"loc":{"start":{"line":27,"column":6},"end":{"line":33,"column":7}},"type":"if","locations":[{"start":{"line":27,"column":6},"end":{"line":33,"column":7}},{"start":{},"end":{}}],"line":27},"3":{"loc":{"start":{"line":42,"column":6},"end":{"line":47,"column":7}},"type":"if","locations":[{"start":{"line":42,"column":6},"end":{"line":47,"column":7}},{"start":{},"end":{}}],"line":42},"4":{"loc":{"start":{"line":92,"column":6},"end":{"line":98,"column":7}},"type":"if","locations":[{"start":{"line":92,"column":6},"end":{"line":98,"column":7}},{"start":{},"end":{}}],"line":92},"5":{"loc":{"start":{"line":92,"column":10},"end":{"line":92,"column":29}},"type":"binary-expr","locations":[{"start":{"line":92,"column":10},"end":{"line":92,"column":16}},{"start":{"line":92,"column":20},"end":{"line":92,"column":29}}],"line":92},"6":{"loc":{"start":{"line":105,"column":6},"end":{"line":110,"column":7}},"type":"if","locations":[{"start":{"line":105,"column":6},"end":{"line":110,"column":7}},{"start":{},"end":{}}],"line":105},"7":{"loc":{"start":{"line":114,"column":6},"end":{"line":119,"column":7}},"type":"if","locations":[{"start":{"line":114,"column":6},"end":{"line":119,"column":7}},{"start":{},"end":{}}],"line":114}},"s":{"0":1,"1":0,"2":0,"3":0,"4":0,"5":0,"6":0,"7":0,"8":0,"9":0,"10":0,"11":0,"12":0,"13":0,"14":0,"15":0,"16":0,"17":0,"18":0,"19":0,"20":0,"21":0,"22":1,"23":1,"24":1,"25":0,"26":1,"27":1,"28":1,"29":0,"30":1,"31":1,"32":0,"33":1,"34":1,"35":0},"f":{"0":0,"1":1},"b":{"0":[0,0],"1":[0,0,0],"2":[0,0],"3":[0,0],"4":[0,1],"5":[1,1],"6":[0,1],"7":[0,1]},"_coverageSchema":"1a1c01bbd47fc00a2c39e90264f33305004495a9","hash":"6876045efe1ad8de18440b6f1a8d0206d8cd0242"}
,"/mnt/c/Users/Nat Osei/desktop/projects/test-apis/middleware/auth.js": {"path":"/mnt/c/Users/Nat Osei/desktop/projects/test-apis/middleware/auth.js","statementMap":{"0":{"start":{"line":5,"column":0},"end":{"line":5,"column":16}},"1":{"start":{"line":8,"column":30},"end":{"line":46,"column":1}},"2":{"start":{"line":9,"column":2},"end":{"line":45,"column":3}},"3":{"start":{"line":11,"column":18},"end":{"line":11,"column":68}},"4":{"start":{"line":13,"column":4},"end":{"line":18,"column":5}},"5":{"start":{"line":14,"column":6},"end":{"line":17,"column":9}},"6":{"start":{"line":21,"column":20},"end":{"line":21,"column":61}},"7":{"start":{"line":24,"column":17},"end":{"line":24,"column":54}},"8":{"start":{"line":27,"column":4},"end":{"line":32,"column":5}},"9":{"start":{"line":28,"column":6},"end":{"line":31,"column":9}},"10":{"start":{"line":35,"column":4},"end":{"line":35,"column":20}},"11":{"start":{"line":38,"column":4},"end":{"line":38,"column":11}},"12":{"start":{"line":41,"column":4},"end":{"line":44,"column":7}},"13":{"start":{"line":49,"column":29},"end":{"line":63,"column":1}},"14":{"start":{"line":50,"column":2},"end":{"line":62,"column":4}},"15":{"start":{"line":53,"column":4},"end":{"line":58,"column":5}},"16":{"start":{"line":54,"column":6},"end":{"line":57,"column":9}},"17":{"start":{"line":61,"column":4},"end":{"line":61,"column":11}}},"fnMap":{"0":{"name":"(anonymous_0)","decl":{"start":{"line":8,"column":30},"end":{"line":8,"column":31}},"loc":{"start":{"line":8,"column":56},"end":{"line":46,"column":1}},"line":8},"1":{"name":"(anonymous_1)","decl":{"start":{"line":49,"column":29},"end":{"line":49,"column":30}},"loc":{"start":{"line":49,"column":40},"end":{"line":63,"column":1}},"line":49},"2":{"name":"(anonymous_2)","decl":{"start":{"line":50,"column":9},"end":{"line":50,"column":10}},"loc":{"start":{"line":50,"column":29},"end":{"line":62,"column":3}},"line":50}},"branchMap":{"0":{"loc":{"start":{"line":13,"column":4},"end":{"line":18,"column":5}},"type":"if","locations":[{"start":{"line":13,"column":4},"end":{"line":18,"column":5}},{"start":{},"end":{}}],"line":13},"1":{"loc":{"start":{"line":27,"column":4},"end":{"line":32,"column":5}},"type":"if","locations":[{"start":{"line":27,"column":4},"end":{"line":32,"column":5}},{"start":{},"end":{}}],"line":27},"2":{"loc":{"start":{"line":53,"column":4},"end":{"line":58,"column":5}},"type":"if","locations":[{"start":{"line":53,"column":4},"end":{"line":58,"column":5}},{"start":{},"end":{}}],"line":53}},"s":{"0":1,"1":1,"2":1,"3":1,"4":1,"5":0,"6":1,"7":1,"8":1,"9":0,"10":1,"11":1,"12":0,"13":1,"14":4,"15":1,"16":0,"17":1},"f":{"0":1,"1":4,"2":1},"b":{"0":[0,1],"1":[0,1],"2":[0,1]},"_coverageSchema":"1a1c01bbd47fc00a2c39e90264f33305004495a9","hash":"9754fb6c9f8713ad6d77d110b5a100a287705e32"}
,"/mnt/c/Users/Nat Osei/desktop/projects/test-apis/models/appLinksModel.js": {"path":"/mnt/c/Users/Nat Osei/desktop/projects/test-apis/models/appLinksModel.js","statementMap":{"0":{"start":{"line":5,"column":28},"end":{"line":10,"column":2}},"1":{"start":{"line":17,"column":4},"end":{"line":34,"column":5}},"2":{"start":{"line":18,"column":27},"end":{"line":18,"column":63}},"3":{"start":{"line":19,"column":6},"end":{"line":19,"column":55}},"4":{"start":{"line":21,"column":24},"end":{"line":21,"column":78}},"5":{"start":{"line":23,"column":6},"end":{"line":23,"column":23}},"6":{"start":{"line":26,"column":6},"end":{"line":32,"column":7}},"7":{"start":{"line":27,"column":33},"end":{"line":30,"column":11}},"8":{"start":{"line":27,"column":60},"end":{"line":30,"column":9}},"9":{"start":{"line":31,"column":8},"end":{"line":31,"column":86}},"10":{"start":{"line":33,"column":6},"end":{"line":33,"column":18}},"11":{"start":{"line":39,"column":4},"end":{"line":46,"column":5}},"12":{"start":{"line":40,"column":23},"end":{"line":40,"column":83}},"13":{"start":{"line":42,"column":6},"end":{"line":42,"column":22}},"14":{"start":{"line":45,"column":6},"end":{"line":45,"column":18}},"15":{"start":{"line":51,"column":4},"end":{"line":62,"column":5}},"16":{"start":{"line":52,"column":23},"end":{"line":52,"column":78}},"17":{"start":{"line":54,"column":6},"end":{"line":56,"column":7}},"18":{"start":{"line":55,"column":8},"end":{"line":55,"column":57}},"19":{"start":{"line":58,"column":6},"end":{"line":58,"column":22}},"20":{"start":{"line":61,"column":6},"end":{"line":61,"column":18}},"21":{"start":{"line":67,"column":4},"end":{"line":74,"column":5}},"22":{"start":{"line":68,"column":23},"end":{"line":68,"column":80}},"23":{"start":{"line":70,"column":6},"end":{"line":70,"column":22}},"24":{"start":{"line":73,"column":6},"end":{"line":73,"column":18}},"25":{"start":{"line":79,"column":4},"end":{"line":90,"column":5}},"26":{"start":{"line":80,"column":23},"end":{"line":80,"column":56}},"27":{"start":{"line":82,"column":6},"end":{"line":84,"column":7}},"28":{"start":{"line":83,"column":8},"end":{"line":83,"column":57}},"29":{"start":{"line":86,"column":6},"end":{"line":86,"column":22}},"30":{"start":{"line":89,"column":6},"end":{"line":89,"column":18}},"31":{"start":{"line":94,"column":4},"end":{"line":112,"column":5}},"32":{"start":{"line":95,"column":27},"end":{"line":95,"column":63}},"33":{"start":{"line":96,"column":6},"end":{"line":96,"column":55}},"34":{"start":{"line":98,"column":19},"end":{"line":98,"column":87}},"35":{"start":{"line":100,"column":6},"end":{"line":100,"column":18}},"36":{"start":{"line":104,"column":6},"end":{"line":110,"column":7}},"37":{"start":{"line":105,"column":33},"end":{"line":108,"column":11}},"38":{"start":{"line":105,"column":60},"end":{"line":108,"column":9}},"39":{"start":{"line":109,"column":8},"end":{"line":109,"column":86}},"40":{"start":{"line":111,"column":6},"end":{"line":111,"column":18}},"41":{"start":{"line":117,"column":4},"end":{"line":128,"column":5}},"42":{"start":{"line":118,"column":23},"end":{"line":118,"column":76}},"43":{"start":{"line":120,"column":6},"end":{"line":122,"column":7}},"44":{"start":{"line":121,"column":8},"end":{"line":121,"column":56}},"45":{"start":{"line":124,"column":6},"end":{"line":124,"column":22}},"46":{"start":{"line":127,"column":6},"end":{"line":127,"column":18}},"47":{"start":{"line":133,"column":4},"end":{"line":144,"column":5}},"48":{"start":{"line":134,"column":23},"end":{"line":134,"column":62}},"49":{"start":{"line":136,"column":6},"end":{"line":138,"column":7}},"50":{"start":{"line":137,"column":8},"end":{"line":137,"column":57}},"51":{"start":{"line":140,"column":6},"end":{"line":140,"column":22}},"52":{"start":{"line":143,"column":6},"end":{"line":143,"column":18}}},"fnMap":{"0":{"name":"(anonymous_0)","decl":{"start":{"line":16,"column":2},"end":{"line":16,"column":3}},"loc":{"start":{"line":16,"column":55},"end":{"line":35,"column":3}},"line":16},"1":{"name":"(anonymous_1)","decl":{"start":{"line":27,"column":50},"end":{"line":27,"column":51}},"loc":{"start":{"line":27,"column":60},"end":{"line":30,"column":9}},"line":27},"2":{"name":"(anonymous_2)","decl":{"start":{"line":38,"column":2},"end":{"line":38,"column":3}},"loc":{"start":{"line":38,"column":43},"end":{"line":47,"column":3}},"line":38},"3":{"name":"(anonymous_3)","decl":{"start":{"line":50,"column":2},"end":{"line":50,"column":3}},"loc":{"start":{"line":50,"column":35},"end":{"line":63,"column":3}},"line":50},"4":{"name":"(anonymous_4)","decl":{"start":{"line":66,"column":2},"end":{"line":66,"column":3}},"loc":{"start":{"line":66,"column":39},"end":{"line":75,"column":3}},"line":66},"5":{"name":"(anonymous_5)","decl":{"start":{"line":78,"column":2},"end":{"line":78,"column":3}},"loc":{"start":{"line":78,"column":32},"end":{"line":91,"column":3}},"line":78},"6":{"name":"(anonymous_6)","decl":{"start":{"line":93,"column":2},"end":{"line":93,"column":3}},"loc":{"start":{"line":93,"column":59},"end":{"line":113,"column":3}},"line":93},"7":{"name":"(anonymous_7)","decl":{"start":{"line":105,"column":50},"end":{"line":105,"column":51}},"loc":{"start":{"line":105,"column":60},"end":{"line":108,"column":9}},"line":105},"8":{"name":"(anonymous_8)","decl":{"start":{"line":116,"column":2},"end":{"line":116,"column":3}},"loc":{"start":{"line":116,"column":34},"end":{"line":129,"column":3}},"line":116},"9":{"name":"(anonymous_9)","decl":{"start":{"line":132,"column":2},"end":{"line":132,"column":3}},"loc":{"start":{"line":132,"column":35},"end":{"line":145,"column":3}},"line":132}},"branchMap":{"0":{"loc":{"start":{"line":26,"column":6},"end":{"line":32,"column":7}},"type":"if","locations":[{"start":{"line":26,"column":6},"end":{"line":32,"column":7}},{"start":{},"end":{}}],"line":26},"1":{"loc":{"start":{"line":54,"column":6},"end":{"line":56,"column":7}},"type":"if","locations":[{"start":{"line":54,"column":6},"end":{"line":56,"column":7}},{"start":{},"end":{}}],"line":54},"2":{"loc":{"start":{"line":82,"column":6},"end":{"line":84,"column":7}},"type":"if","locations":[{"start":{"line":82,"column":6},"end":{"line":84,"column":7}},{"start":{},"end":{}}],"line":82},"3":{"loc":{"start":{"line":104,"column":6},"end":{"line":110,"column":7}},"type":"if","locations":[{"start":{"line":104,"column":6},"end":{"line":110,"column":7}},{"start":{},"end":{}}],"line":104},"4":{"loc":{"start":{"line":120,"column":6},"end":{"line":122,"column":7}},"type":"if","locations":[{"start":{"line":120,"column":6},"end":{"line":122,"column":7}},{"start":{},"end":{}}],"line":120},"5":{"loc":{"start":{"line":136,"column":6},"end":{"line":138,"column":7}},"type":"if","locations":[{"start":{"line":136,"column":6},"end":{"line":138,"column":7}},{"start":{},"end":{}}],"line":136}},"s":{"0":1,"1":1,"2":1,"3":1,"4":1,"5":1,"6":0,"7":0,"8":0,"9":0,"10":0,"11":0,"12":0,"13":0,"14":0,"15":0,"16":0,"17":0,"18":0,"19":0,"20":0,"21":1,"22":1,"23":1,"24":0,"25":0,"26":0,"27":0,"28":0,"29":0,"30":0,"31":0,"32":0,"33":0,"34":0,"35":0,"36":0,"37":0,"38":0,"39":0,"40":0,"41":0,"42":0,"43":0,"44":0,"45":0,"46":0,"47":0,"48":0,"49":0,"50":0,"51":0,"52":0},"f":{"0":1,"1":0,"2":0,"3":0,"4":1,"5":0,"6":0,"7":0,"8":0,"9":0},"b":{"0":[0,0],"1":[0,0],"2":[0,0],"3":[0,0],"4":[0,0],"5":[0,0]},"_coverageSchema":"1a1c01bbd47fc00a2c39e90264f33305004495a9","hash":"0d056dcdff2d4fddca68ae3f2f6929a87b76254d"}
,"/mnt/c/Users/Nat Osei/desktop/projects/test-apis/models/permissionsModel.js": {"path":"/mnt/c/Users/Nat Osei/desktop/projects/test-apis/models/permissionsModel.js","statementMap":{"0":{"start":{"line":7,"column":4},"end":{"line":14,"column":5}},"1":{"start":{"line":8,"column":27},"end":{"line":10,"column":8}},"2":{"start":{"line":11,"column":6},"end":{"line":11,"column":26}},"3":{"start":{"line":13,"column":6},"end":{"line":13,"column":29}},"4":{"start":{"line":19,"column":4},"end":{"line":24,"column":5}},"5":{"start":{"line":20,"column":25},"end":{"line":20,"column":86}},"6":{"start":{"line":21,"column":6},"end":{"line":21,"column":24}},"7":{"start":{"line":23,"column":6},"end":{"line":23,"column":29}},"8":{"start":{"line":29,"column":4},"end":{"line":34,"column":5}},"9":{"start":{"line":30,"column":25},"end":{"line":30,"column":82}},"10":{"start":{"line":31,"column":6},"end":{"line":31,"column":24}},"11":{"start":{"line":33,"column":6},"end":{"line":33,"column":29}},"12":{"start":{"line":39,"column":4},"end":{"line":44,"column":5}},"13":{"start":{"line":40,"column":26},"end":{"line":40,"column":61}},"14":{"start":{"line":41,"column":6},"end":{"line":41,"column":25}},"15":{"start":{"line":43,"column":6},"end":{"line":43,"column":29}},"16":{"start":{"line":49,"column":4},"end":{"line":56,"column":5}},"17":{"start":{"line":50,"column":25},"end":{"line":52,"column":8}},"18":{"start":{"line":53,"column":6},"end":{"line":53,"column":24}},"19":{"start":{"line":55,"column":6},"end":{"line":55,"column":29}},"20":{"start":{"line":61,"column":4},"end":{"line":66,"column":5}},"21":{"start":{"line":62,"column":25},"end":{"line":62,"column":80}},"22":{"start":{"line":63,"column":6},"end":{"line":63,"column":24}},"23":{"start":{"line":65,"column":6},"end":{"line":65,"column":29}}},"fnMap":{"0":{"name":"(anonymous_0)","decl":{"start":{"line":6,"column":2},"end":{"line":6,"column":3}},"loc":{"start":{"line":6,"column":40},"end":{"line":15,"column":3}},"line":6},"1":{"name":"(anonymous_1)","decl":{"start":{"line":18,"column":2},"end":{"line":18,"column":3}},"loc":{"start":{"line":18,"column":45},"end":{"line":25,"column":3}},"line":18},"2":{"name":"(anonymous_2)","decl":{"start":{"line":28,"column":2},"end":{"line":28,"column":3}},"loc":{"start":{"line":28,"column":37},"end":{"line":35,"column":3}},"line":28},"3":{"name":"(anonymous_3)","decl":{"start":{"line":38,"column":2},"end":{"line":38,"column":3}},"loc":{"start":{"line":38,"column":35},"end":{"line":45,"column":3}},"line":38},"4":{"name":"(anonymous_4)","decl":{"start":{"line":48,"column":2},"end":{"line":48,"column":3}},"loc":{"start":{"line":48,"column":44},"end":{"line":57,"column":3}},"line":48},"5":{"name":"(anonymous_5)","decl":{"start":{"line":60,"column":2},"end":{"line":60,"column":3}},"loc":{"start":{"line":60,"column":36},"end":{"line":67,"column":3}},"line":60}},"branchMap":{},"s":{"0":0,"1":0,"2":0,"3":0,"4":0,"5":0,"6":0,"7":0,"8":0,"9":0,"10":0,"11":0,"12":0,"13":0,"14":0,"15":0,"16":0,"17":0,"18":0,"19":0,"20":0,"21":0,"22":0,"23":0},"f":{"0":0,"1":0,"2":0,"3":0,"4":0,"5":0},"b":{}}
,"/mnt/c/Users/Nat Osei/desktop/projects/test-apis/models/rolePermissionsModel.js": {"path":"/mnt/c/Users/Nat Osei/desktop/projects/test-apis/models/rolePermissionsModel.js","statementMap":{"0":{"start":{"line":7,"column":4},"end":{"line":15,"column":5}},"1":{"start":{"line":8,"column":31},"end":{"line":11,"column":8}},"2":{"start":{"line":12,"column":6},"end":{"line":12,"column":30}},"3":{"start":{"line":14,"column":6},"end":{"line":14,"column":29}},"4":{"start":{"line":20,"column":4},"end":{"line":25,"column":5}},"5":{"start":{"line":21,"column":29},"end":{"line":21,"column":94}},"6":{"start":{"line":22,"column":6},"end":{"line":22,"column":28}},"7":{"start":{"line":24,"column":6},"end":{"line":24,"column":29}},"8":{"start":{"line":30,"column":4},"end":{"line":35,"column":5}},"9":{"start":{"line":31,"column":29},"end":{"line":31,"column":100}},"10":{"start":{"line":32,"column":6},"end":{"line":32,"column":28}},"11":{"start":{"line":34,"column":6},"end":{"line":34,"column":29}},"12":{"start":{"line":40,"column":4},"end":{"line":45,"column":5}},"13":{"start":{"line":41,"column":29},"end":{"line":41,"column":90}},"14":{"start":{"line":42,"column":6},"end":{"line":42,"column":28}},"15":{"start":{"line":44,"column":6},"end":{"line":44,"column":29}},"16":{"start":{"line":50,"column":4},"end":{"line":55,"column":5}},"17":{"start":{"line":51,"column":30},"end":{"line":51,"column":69}},"18":{"start":{"line":52,"column":6},"end":{"line":52,"column":29}},"19":{"start":{"line":54,"column":6},"end":{"line":54,"column":29}},"20":{"start":{"line":60,"column":4},"end":{"line":68,"column":5}},"21":{"start":{"line":61,"column":29},"end":{"line":64,"column":8}},"22":{"start":{"line":65,"column":6},"end":{"line":65,"column":28}},"23":{"start":{"line":67,"column":6},"end":{"line":67,"column":29}},"24":{"start":{"line":73,"column":4},"end":{"line":78,"column":5}},"25":{"start":{"line":74,"column":29},"end":{"line":74,"column":88}},"26":{"start":{"line":75,"column":6},"end":{"line":75,"column":28}},"27":{"start":{"line":77,"column":6},"end":{"line":77,"column":29}}},"fnMap":{"0":{"name":"(anonymous_0)","decl":{"start":{"line":6,"column":2},"end":{"line":6,"column":3}},"loc":{"start":{"line":6,"column":58},"end":{"line":16,"column":3}},"line":6},"1":{"name":"(anonymous_1)","decl":{"start":{"line":19,"column":2},"end":{"line":19,"column":3}},"loc":{"start":{"line":19,"column":49},"end":{"line":26,"column":3}},"line":19},"2":{"name":"(anonymous_2)","decl":{"start":{"line":29,"column":2},"end":{"line":29,"column":3}},"loc":{"start":{"line":29,"column":61},"end":{"line":36,"column":3}},"line":29},"3":{"name":"(anonymous_3)","decl":{"start":{"line":39,"column":2},"end":{"line":39,"column":3}},"loc":{"start":{"line":39,"column":41},"end":{"line":46,"column":3}},"line":39},"4":{"name":"(anonymous_4)","decl":{"start":{"line":49,"column":2},"end":{"line":49,"column":3}},"loc":{"start":{"line":49,"column":39},"end":{"line":56,"column":3}},"line":49},"5":{"name":"(anonymous_5)","decl":{"start":{"line":59,"column":2},"end":{"line":59,"column":3}},"loc":{"start":{"line":59,"column":62},"end":{"line":69,"column":3}},"line":59},"6":{"name":"(anonymous_6)","decl":{"start":{"line":72,"column":2},"end":{"line":72,"column":3}},"loc":{"start":{"line":72,"column":40},"end":{"line":79,"column":3}},"line":72}},"branchMap":{},"s":{"0":0,"1":0,"2":0,"3":0,"4":0,"5":0,"6":0,"7":0,"8":0,"9":0,"10":0,"11":0,"12":0,"13":0,"14":0,"15":0,"16":0,"17":0,"18":0,"19":0,"20":0,"21":0,"22":0,"23":0,"24":0,"25":0,"26":0,"27":0},"f":{"0":0,"1":0,"2":0,"3":0,"4":0,"5":0,"6":0},"b":{}}
,"/mnt/c/Users/Nat Osei/desktop/projects/test-apis/models/rolesModel.js": {"path":"/mnt/c/Users/Nat Osei/desktop/projects/test-apis/models/rolesModel.js","statementMap":{"0":{"start":{"line":7,"column":4},"end":{"line":14,"column":5}},"1":{"start":{"line":8,"column":21},"end":{"line":10,"column":8}},"2":{"start":{"line":11,"column":6},"end":{"line":11,"column":20}},"3":{"start":{"line":13,"column":6},"end":{"line":13,"column":29}},"4":{"start":{"line":19,"column":4},"end":{"line":24,"column":5}},"5":{"start":{"line":20,"column":19},"end":{"line":20,"column":72}},"6":{"start":{"line":21,"column":6},"end":{"line":21,"column":18}},"7":{"start":{"line":23,"column":6},"end":{"line":23,"column":29}},"8":{"start":{"line":29,"column":4},"end":{"line":34,"column":5}},"9":{"start":{"line":30,"column":19},"end":{"line":30,"column":70}},"10":{"start":{"line":31,"column":6},"end":{"line":31,"column":18}},"11":{"start":{"line":33,"column":6},"end":{"line":33,"column":29}},"12":{"start":{"line":39,"column":4},"end":{"line":44,"column":5}},"13":{"start":{"line":40,"column":20},"end":{"line":40,"column":49}},"14":{"start":{"line":41,"column":6},"end":{"line":41,"column":19}},"15":{"start":{"line":43,"column":6},"end":{"line":43,"column":29}},"16":{"start":{"line":49,"column":4},"end":{"line":56,"column":5}},"17":{"start":{"line":50,"column":19},"end":{"line":52,"column":8}},"18":{"start":{"line":53,"column":6},"end":{"line":53,"column":18}},"19":{"start":{"line":55,"column":6},"end":{"line":55,"column":29}},"20":{"start":{"line":61,"column":4},"end":{"line":66,"column":5}},"21":{"start":{"line":62,"column":19},"end":{"line":62,"column":68}},"22":{"start":{"line":63,"column":6},"end":{"line":63,"column":18}},"23":{"start":{"line":65,"column":6},"end":{"line":65,"column":29}}},"fnMap":{"0":{"name":"(anonymous_0)","decl":{"start":{"line":6,"column":2},"end":{"line":6,"column":3}},"loc":{"start":{"line":6,"column":32},"end":{"line":15,"column":3}},"line":6},"1":{"name":"(anonymous_1)","decl":{"start":{"line":18,"column":2},"end":{"line":18,"column":3}},"loc":{"start":{"line":18,"column":35},"end":{"line":25,"column":3}},"line":18},"2":{"name":"(anonymous_2)","decl":{"start":{"line":28,"column":2},"end":{"line":28,"column":3}},"loc":{"start":{"line":28,"column":31},"end":{"line":35,"column":3}},"line":28},"3":{"name":"(anonymous_3)","decl":{"start":{"line":38,"column":2},"end":{"line":38,"column":3}},"loc":{"start":{"line":38,"column":29},"end":{"line":45,"column":3}},"line":38},"4":{"name":"(anonymous_4)","decl":{"start":{"line":48,"column":2},"end":{"line":48,"column":3}},"loc":{"start":{"line":48,"column":36},"end":{"line":57,"column":3}},"line":48},"5":{"name":"(anonymous_5)","decl":{"start":{"line":60,"column":2},"end":{"line":60,"column":3}},"loc":{"start":{"line":60,"column":30},"end":{"line":67,"column":3}},"line":60}},"branchMap":{},"s":{"0":0,"1":0,"2":0,"3":0,"4":0,"5":0,"6":0,"7":0,"8":0,"9":0,"10":0,"11":0,"12":0,"13":0,"14":0,"15":0,"16":0,"17":0,"18":0,"19":0,"20":0,"21":0,"22":0,"23":0},"f":{"0":0,"1":0,"2":0,"3":0,"4":0,"5":0},"b":{}}
,"/mnt/c/Users/Nat Osei/desktop/projects/test-apis/models/userModel.js": {"path":"/mnt/c/Users/Nat Osei/desktop/projects/test-apis/models/userModel.js","statementMap":{"0":{"start":{"line":6,"column":29},"end":{"line":11,"column":2}},"1":{"start":{"line":32,"column":4},"end":{"line":47,"column":5}},"2":{"start":{"line":33,"column":19},"end":{"line":33,"column":59}},"3":{"start":{"line":34,"column":6},"end":{"line":34,"column":48}},"4":{"start":{"line":35,"column":21},"end":{"line":35,"column":63}},"5":{"start":{"line":36,"column":6},"end":{"line":36,"column":20}},"6":{"start":{"line":39,"column":6},"end":{"line":45,"column":7}},"7":{"start":{"line":40,"column":33},"end":{"line":43,"column":11}},"8":{"start":{"line":40,"column":60},"end":{"line":43,"column":9}},"9":{"start":{"line":44,"column":8},"end":{"line":44,"column":86}},"10":{"start":{"line":46,"column":6},"end":{"line":46,"column":18}},"11":{"start":{"line":52,"column":4},"end":{"line":57,"column":5}},"12":{"start":{"line":53,"column":19},"end":{"line":53,"column":73}},"13":{"start":{"line":54,"column":6},"end":{"line":54,"column":18}},"14":{"start":{"line":56,"column":6},"end":{"line":56,"column":18}},"15":{"start":{"line":61,"column":4},"end":{"line":69,"column":5}},"16":{"start":{"line":62,"column":19},"end":{"line":62,"column":70}},"17":{"start":{"line":63,"column":6},"end":{"line":65,"column":7}},"18":{"start":{"line":64,"column":8},"end":{"line":64,"column":57}},"19":{"start":{"line":66,"column":6},"end":{"line":66,"column":18}},"20":{"start":{"line":68,"column":6},"end":{"line":68,"column":18}},"21":{"start":{"line":74,"column":4},"end":{"line":79,"column":5}},"22":{"start":{"line":75,"column":20},"end":{"line":75,"column":49}},"23":{"start":{"line":76,"column":6},"end":{"line":76,"column":19}},"24":{"start":{"line":78,"column":6},"end":{"line":78,"column":18}},"25":{"start":{"line":83,"column":4},"end":{"line":98,"column":5}},"26":{"start":{"line":84,"column":19},"end":{"line":84,"column":59}},"27":{"start":{"line":85,"column":6},"end":{"line":85,"column":48}},"28":{"start":{"line":86,"column":26},"end":{"line":86,"column":82}},"29":{"start":{"line":87,"column":6},"end":{"line":87,"column":25}},"30":{"start":{"line":90,"column":6},"end":{"line":96,"column":7}},"31":{"start":{"line":91,"column":33},"end":{"line":94,"column":11}},"32":{"start":{"line":91,"column":60},"end":{"line":94,"column":9}},"33":{"start":{"line":95,"column":8},"end":{"line":95,"column":86}},"34":{"start":{"line":97,"column":6},"end":{"line":97,"column":18}},"35":{"start":{"line":102,"column":4},"end":{"line":110,"column":5}},"36":{"start":{"line":103,"column":19},"end":{"line":103,"column":68}},"37":{"start":{"line":104,"column":6},"end":{"line":106,"column":7}},"38":{"start":{"line":105,"column":8},"end":{"line":105,"column":57}},"39":{"start":{"line":107,"column":6},"end":{"line":107,"column":18}},"40":{"start":{"line":109,"column":6},"end":{"line":109,"column":18}}},"fnMap":{"0":{"name":"(anonymous_0)","decl":{"start":{"line":31,"column":2},"end":{"line":31,"column":3}},"loc":{"start":{"line":31,"column":55},"end":{"line":48,"column":3}},"line":31},"1":{"name":"(anonymous_1)","decl":{"start":{"line":40,"column":50},"end":{"line":40,"column":51}},"loc":{"start":{"line":40,"column":60},"end":{"line":43,"column":9}},"line":40},"2":{"name":"(anonymous_2)","decl":{"start":{"line":51,"column":2},"end":{"line":51,"column":3}},"loc":{"start":{"line":51,"column":37},"end":{"line":58,"column":3}},"line":51},"3":{"name":"(anonymous_3)","decl":{"start":{"line":60,"column":2},"end":{"line":60,"column":3}},"loc":{"start":{"line":60,"column":31},"end":{"line":70,"column":3}},"line":60},"4":{"name":"(anonymous_4)","decl":{"start":{"line":73,"column":2},"end":{"line":73,"column":3}},"loc":{"start":{"line":73,"column":29},"end":{"line":80,"column":3}},"line":73},"5":{"name":"(anonymous_5)","decl":{"start":{"line":82,"column":2},"end":{"line":82,"column":3}},"loc":{"start":{"line":82,"column":59},"end":{"line":99,"column":3}},"line":82},"6":{"name":"(anonymous_6)","decl":{"start":{"line":91,"column":50},"end":{"line":91,"column":51}},"loc":{"start":{"line":91,"column":60},"end":{"line":94,"column":9}},"line":91},"7":{"name":"(anonymous_7)","decl":{"start":{"line":101,"column":2},"end":{"line":101,"column":3}},"loc":{"start":{"line":101,"column":30},"end":{"line":111,"column":3}},"line":101}},"branchMap":{"0":{"loc":{"start":{"line":39,"column":6},"end":{"line":45,"column":7}},"type":"if","locations":[{"start":{"line":39,"column":6},"end":{"line":45,"column":7}},{"start":{},"end":{}}],"line":39},"1":{"loc":{"start":{"line":63,"column":6},"end":{"line":65,"column":7}},"type":"if","locations":[{"start":{"line":63,"column":6},"end":{"line":65,"column":7}},{"start":{},"end":{}}],"line":63},"2":{"loc":{"start":{"line":90,"column":6},"end":{"line":96,"column":7}},"type":"if","locations":[{"start":{"line":90,"column":6},"end":{"line":96,"column":7}},{"start":{},"end":{}}],"line":90},"3":{"loc":{"start":{"line":104,"column":6},"end":{"line":106,"column":7}},"type":"if","locations":[{"start":{"line":104,"column":6},"end":{"line":106,"column":7}},{"start":{},"end":{}}],"line":104}},"s":{"0":1,"1":0,"2":0,"3":0,"4":0,"5":0,"6":0,"7":0,"8":0,"9":0,"10":0,"11":1,"12":1,"13":1,"14":0,"15":1,"16":1,"17":1,"18":0,"19":1,"20":0,"21":0,"22":0,"23":0,"24":0,"25":0,"26":0,"27":0,"28":0,"29":0,"30":0,"31":0,"32":0,"33":0,"34":0,"35":0,"36":0,"37":0,"38":0,"39":0,"40":0},"f":{"0":0,"1":0,"2":1,"3":1,"4":0,"5":0,"6":0,"7":0},"b":{"0":[0,0],"1":[0,1],"2":[0,0],"3":[0,0]},"_coverageSchema":"1a1c01bbd47fc00a2c39e90264f33305004495a9","hash":"b1d36a03cecb5157132e8fa951cb42fec047d024"}
,"/mnt/c/Users/Nat Osei/desktop/projects/test-apis/routes/appLinksRoutes.js": {"path":"/mnt/c/Users/Nat Osei/desktop/projects/test-apis/routes/appLinksRoutes.js","statementMap":{"0":{"start":{"line":5,"column":15},"end":{"line":5,"column":31}},"1":{"start":{"line":9,"column":0},"end":{"line":9,"column":64}},"2":{"start":{"line":10,"column":0},"end":{"line":10,"column":68}},"3":{"start":{"line":13,"column":0},"end":{"line":13,"column":99}},"4":{"start":{"line":14,"column":0},"end":{"line":14,"column":106}},"5":{"start":{"line":15,"column":0},"end":{"line":15,"column":104}}},"fnMap":{},"branchMap":{},"s":{"0":1,"1":1,"2":1,"3":1,"4":1,"5":1},"f":{},"b":{},"_coverageSchema":"1a1c01bbd47fc00a2c39e90264f33305004495a9","hash":"5aae67fedfa6f6161d5921c743d2b7a01be3d827"}
,"/mnt/c/Users/Nat Osei/desktop/projects/test-apis/routes/userRoutes.js": {"path":"/mnt/c/Users/Nat Osei/desktop/projects/test-apis/routes/userRoutes.js","statementMap":{"0":{"start":{"line":5,"column":15},"end":{"line":5,"column":31}},"1":{"start":{"line":10,"column":0},"end":{"line":10,"column":48}},"2":{"start":{"line":16,"column":0},"end":{"line":16,"column":90}}},"fnMap":{},"branchMap":{},"s":{"0":1,"1":1,"2":1},"f":{},"b":{},"_coverageSchema":"1a1c01bbd47fc00a2c39e90264f33305004495a9","hash":"72daf820624088c7267d3b2c942399472eff50a6"}
}
