TN:
SF:controllers/appLinksController.js
FN:6,(anonymous_0)
FN:71,(anonymous_1)
FN:101,(anonymous_2)
FN:133,(anonymous_3)
FN:226,(anonymous_4)
FNF:5
FNH:1
FNDA:0,(anonymous_0)
FNDA:0,(anonymous_1)
FNDA:0,(anonymous_2)
FNDA:0,(anonymous_3)
FNDA:1,(anonymous_4)
DA:7,0
DA:8,0
DA:10,0
DA:11,0
DA:13,0
DA:14,0
DA:15,0
DA:16,0
DA:19,0
DA:20,0
DA:28,0
DA:29,0
DA:37,0
DA:38,0
DA:39,0
DA:46,0
DA:48,0
DA:61,0
DA:62,0
DA:72,0
DA:74,0
DA:76,0
DA:77,0
DA:84,0
DA:91,0
DA:92,0
DA:102,0
DA:104,0
DA:105,0
DA:107,0
DA:108,0
DA:116,0
DA:123,0
DA:124,0
DA:134,0
DA:135,0
DA:136,0
DA:137,0
DA:139,0
DA:140,0
DA:141,0
DA:150,0
DA:151,0
DA:160,0
DA:161,0
DA:170,0
DA:171,0
DA:180,0
DA:181,0
DA:182,0
DA:191,0
DA:192,0
DA:200,0
DA:202,0
DA:215,0
DA:216,0
DA:227,1
DA:228,1
DA:230,1
DA:231,1
DA:232,0
DA:239,1
DA:240,1
DA:253,0
DA:254,0
LF:65
LH:6
BRDA:19,0,0,0
BRDA:19,0,1,0
BRDA:19,1,0,0
BRDA:19,1,1,0
BRDA:19,1,2,0
BRDA:28,2,0,0
BRDA:28,2,1,0
BRDA:28,3,0,0
BRDA:28,3,1,0
BRDA:28,3,2,0
BRDA:38,4,0,0
BRDA:38,4,1,0
BRDA:76,5,0,0
BRDA:76,5,1,0
BRDA:107,6,0,0
BRDA:107,6,1,0
BRDA:140,7,0,0
BRDA:140,7,1,0
BRDA:150,8,0,0
BRDA:150,8,1,0
BRDA:150,9,0,0
BRDA:150,9,1,0
BRDA:150,9,2,0
BRDA:160,10,0,0
BRDA:160,10,1,0
BRDA:160,11,0,0
BRDA:160,11,1,0
BRDA:170,12,0,0
BRDA:170,12,1,0
BRDA:170,13,0,0
BRDA:170,13,1,0
BRDA:170,13,2,0
BRDA:181,14,0,0
BRDA:181,14,1,0
BRDA:181,15,0,0
BRDA:181,15,1,0
BRDA:191,16,0,0
BRDA:191,16,1,0
BRDA:231,17,0,0
BRDA:231,17,1,1
BRF:40
BRH:1
end_of_record
TN:
SF:controllers/userController.js
FN:11,(anonymous_0)
FN:87,(anonymous_1)
FNF:2
FNH:1
FNDA:0,(anonymous_0)
FNDA:1,(anonymous_1)
DA:6,1
DA:12,0
DA:13,0
DA:15,0
DA:18,0
DA:19,0
DA:27,0
DA:28,0
DA:35,0
DA:38,0
DA:41,0
DA:42,0
DA:43,0
DA:49,0
DA:52,0
DA:53,0
DA:56,0
DA:58,0
DA:61,0
DA:65,0
DA:78,0
DA:79,0
DA:88,1
DA:90,1
DA:92,1
DA:93,0
DA:101,1
DA:104,1
DA:105,1
DA:106,0
DA:113,1
DA:114,1
DA:115,0
DA:122,1
DA:126,1
DA:140,0
LF:36
LH:11
BRDA:18,0,0,0
BRDA:18,0,1,0
BRDA:18,1,0,0
BRDA:18,1,1,0
BRDA:18,1,2,0
BRDA:27,2,0,0
BRDA:27,2,1,0
BRDA:42,3,0,0
BRDA:42,3,1,0
BRDA:92,4,0,0
BRDA:92,4,1,1
BRDA:92,5,0,1
BRDA:92,5,1,1
BRDA:105,6,0,0
BRDA:105,6,1,1
BRDA:114,7,0,0
BRDA:114,7,1,1
BRF:17
BRH:5
end_of_record
TN:
SF:middleware/auth.js
FN:8,(anonymous_0)
FN:52,(anonymous_1)
FN:53,(anonymous_2)
FNF:3
FNH:3
FNDA:1,(anonymous_0)
FNDA:4,(anonymous_1)
FNDA:1,(anonymous_2)
DA:5,1
DA:8,1
DA:9,1
DA:11,1
DA:13,1
DA:14,0
DA:22,1
DA:25,1
DA:28,1
DA:29,0
DA:36,1
DA:39,1
DA:42,0
DA:52,1
DA:53,4
DA:56,1
DA:57,0
DA:64,1
LF:18
LH:14
BRDA:13,0,0,0
BRDA:13,0,1,1
BRDA:28,1,0,0
BRDA:28,1,1,1
BRDA:56,2,0,0
BRDA:56,2,1,1
BRF:6
BRH:3
end_of_record
TN:
SF:models/appLinksModel.js
FN:16,(anonymous_0)
FN:27,(anonymous_1)
FN:38,(anonymous_2)
FN:50,(anonymous_3)
FN:66,(anonymous_4)
FN:78,(anonymous_5)
FN:93,(anonymous_6)
FN:105,(anonymous_7)
FN:116,(anonymous_8)
FN:132,(anonymous_9)
FNF:10
FNH:2
FNDA:0,(anonymous_0)
FNDA:0,(anonymous_1)
FNDA:0,(anonymous_2)
FNDA:1,(anonymous_3)
FNDA:0,(anonymous_4)
FNDA:0,(anonymous_5)
FNDA:0,(anonymous_6)
FNDA:0,(anonymous_7)
FNDA:1,(anonymous_8)
FNDA:0,(anonymous_9)
DA:5,1
DA:17,0
DA:18,0
DA:19,0
DA:21,0
DA:23,0
DA:26,0
DA:27,0
DA:31,0
DA:33,0
DA:39,0
DA:40,0
DA:42,0
DA:45,0
DA:51,1
DA:52,1
DA:54,1
DA:55,0
DA:58,1
DA:61,0
DA:67,0
DA:68,0
DA:70,0
DA:73,0
DA:79,0
DA:80,0
DA:82,0
DA:83,0
DA:86,0
DA:89,0
DA:94,0
DA:95,0
DA:96,0
DA:98,0
DA:100,0
DA:104,0
DA:105,0
DA:109,0
DA:111,0
DA:117,1
DA:118,1
DA:120,1
DA:121,0
DA:124,1
DA:127,0
DA:133,0
DA:134,0
DA:136,0
DA:137,0
DA:140,0
DA:143,0
LF:51
LH:9
BRDA:26,0,0,0
BRDA:26,0,1,0
BRDA:54,1,0,0
BRDA:54,1,1,1
BRDA:82,2,0,0
BRDA:82,2,1,0
BRDA:104,3,0,0
BRDA:104,3,1,0
BRDA:120,4,0,0
BRDA:120,4,1,1
BRDA:136,5,0,0
BRDA:136,5,1,0
BRF:12
BRH:2
end_of_record
TN:
SF:models/permissionsModel.js
FN:6,(anonymous_0)
FN:18,(anonymous_1)
FN:28,(anonymous_2)
FN:38,(anonymous_3)
FN:48,(anonymous_4)
FN:60,(anonymous_5)
FNF:6
FNH:0
FNDA:0,(anonymous_0)
FNDA:0,(anonymous_1)
FNDA:0,(anonymous_2)
FNDA:0,(anonymous_3)
FNDA:0,(anonymous_4)
FNDA:0,(anonymous_5)
DA:7,0
DA:8,0
DA:11,0
DA:13,0
DA:19,0
DA:20,0
DA:21,0
DA:23,0
DA:29,0
DA:30,0
DA:31,0
DA:33,0
DA:39,0
DA:40,0
DA:41,0
DA:43,0
DA:49,0
DA:50,0
DA:53,0
DA:55,0
DA:61,0
DA:62,0
DA:63,0
DA:65,0
LF:24
LH:0
BRF:0
BRH:0
end_of_record
TN:
SF:models/rolePermissionsModel.js
FN:6,(anonymous_0)
FN:19,(anonymous_1)
FN:29,(anonymous_2)
FN:39,(anonymous_3)
FN:49,(anonymous_4)
FN:59,(anonymous_5)
FN:72,(anonymous_6)
FNF:7
FNH:0
FNDA:0,(anonymous_0)
FNDA:0,(anonymous_1)
FNDA:0,(anonymous_2)
FNDA:0,(anonymous_3)
FNDA:0,(anonymous_4)
FNDA:0,(anonymous_5)
FNDA:0,(anonymous_6)
DA:7,0
DA:8,0
DA:12,0
DA:14,0
DA:20,0
DA:21,0
DA:22,0
DA:24,0
DA:30,0
DA:31,0
DA:32,0
DA:34,0
DA:40,0
DA:41,0
DA:42,0
DA:44,0
DA:50,0
DA:51,0
DA:52,0
DA:54,0
DA:60,0
DA:61,0
DA:65,0
DA:67,0
DA:73,0
DA:74,0
DA:75,0
DA:77,0
LF:28
LH:0
BRF:0
BRH:0
end_of_record
TN:
SF:models/rolesModel.js
FN:6,(anonymous_0)
FN:18,(anonymous_1)
FN:28,(anonymous_2)
FN:38,(anonymous_3)
FN:48,(anonymous_4)
FN:60,(anonymous_5)
FNF:6
FNH:0
FNDA:0,(anonymous_0)
FNDA:0,(anonymous_1)
FNDA:0,(anonymous_2)
FNDA:0,(anonymous_3)
FNDA:0,(anonymous_4)
FNDA:0,(anonymous_5)
DA:7,0
DA:8,0
DA:11,0
DA:13,0
DA:19,0
DA:20,0
DA:21,0
DA:23,0
DA:29,0
DA:30,0
DA:31,0
DA:33,0
DA:39,0
DA:40,0
DA:41,0
DA:43,0
DA:49,0
DA:50,0
DA:53,0
DA:55,0
DA:61,0
DA:62,0
DA:63,0
DA:65,0
LF:24
LH:0
BRF:0
BRH:0
end_of_record
TN:
SF:models/userModel.js
FN:31,(anonymous_0)
FN:40,(anonymous_1)
FN:51,(anonymous_2)
FN:60,(anonymous_3)
FN:73,(anonymous_4)
FN:82,(anonymous_5)
FN:91,(anonymous_6)
FN:101,(anonymous_7)
FNF:8
FNH:2
FNDA:0,(anonymous_0)
FNDA:0,(anonymous_1)
FNDA:1,(anonymous_2)
FNDA:1,(anonymous_3)
FNDA:0,(anonymous_4)
FNDA:0,(anonymous_5)
FNDA:0,(anonymous_6)
FNDA:0,(anonymous_7)
DA:6,1
DA:32,0
DA:33,0
DA:34,0
DA:35,0
DA:36,0
DA:39,0
DA:40,0
DA:44,0
DA:46,0
DA:52,1
DA:53,1
DA:54,1
DA:56,0
DA:61,1
DA:62,1
DA:63,1
DA:64,0
DA:66,1
DA:68,0
DA:74,0
DA:75,0
DA:76,0
DA:78,0
DA:83,0
DA:84,0
DA:85,0
DA:86,0
DA:87,0
DA:90,0
DA:91,0
DA:95,0
DA:97,0
DA:102,0
DA:103,0
DA:104,0
DA:105,0
DA:107,0
DA:109,0
LF:39
LH:8
BRDA:39,0,0,0
BRDA:39,0,1,0
BRDA:63,1,0,0
BRDA:63,1,1,1
BRDA:90,2,0,0
BRDA:90,2,1,0
BRDA:104,3,0,0
BRDA:104,3,1,0
BRF:8
BRH:1
end_of_record
TN:
SF:routes/appLinksRoutes.js
FNF:0
FNH:0
DA:5,1
DA:9,1
DA:10,1
DA:13,1
DA:14,1
DA:15,1
LF:6
LH:6
BRF:0
BRH:0
end_of_record
TN:
SF:routes/userRoutes.js
FNF:0
FNH:0
DA:5,1
DA:10,1
DA:16,1
LF:3
LH:3
BRF:0
BRH:0
end_of_record
